[debug] [2023-03-18T20:06:54.553Z] ----------------------------------------------------------------------
[debug] [2023-03-18T20:06:54.556Z] Command:       C:\Users\Windows\DOWNLO~1\firebase-tools-instant-win.exe C:\Users\Windows\.cache\firebase\tools\lib\node_modules\firebase-tools\lib\bin\firebase init hosting
[debug] [2023-03-18T20:06:54.556Z] CLI Version:   11.24.1
[debug] [2023-03-18T20:06:54.556Z] Platform:      win32
[debug] [2023-03-18T20:06:54.556Z] Node Version:  v16.16.0
[debug] [2023-03-18T20:06:54.558Z] Time:          Sun Mar 19 2023 01:36:54 GMT+0530 (India Standard Time)
[debug] [2023-03-18T20:06:54.558Z] ----------------------------------------------------------------------
[debug] 
[debug] [2023-03-18T20:06:54.570Z] > command requires scopes: ["email","openid","https://www.googleapis.com/auth/cloudplatformprojects.readonly","https://www.googleapis.com/auth/firebase","https://www.googleapis.com/auth/cloud-platform"]
[debug] [2023-03-18T20:06:54.571Z] > authorizing via signed-in user (venkadeshnandhan@gmail.com)
[info] 
     ######## #### ########  ######## ########     ###     ######  ########
     ##        ##  ##     ## ##       ##     ##  ##   ##  ##       ##
     ######    ##  ########  ######   ########  #########  ######  ######
     ##        ##  ##    ##  ##       ##     ## ##     ##       ## ##
     ##       #### ##     ## ######## ########  ##     ##  ######  ########

You're about to initialize a Firebase project in this directory:

  C:\Users\Windows\Documents\Personal\Graph\graphParameter

[info] 
=== Project Setup
[info] 
[info] First, let's associate this project directory with a Firebase project.
[info] You can create multiple project aliases by running firebase use --add, 
[info] but for now we'll just set up a default project.
[info] 
[debug] [2023-03-18T20:06:58.230Z] >>> [apiv2][query] GET https://firebase.googleapis.com/v1beta1/projects pageSize=100
[debug] [2023-03-18T20:06:59.276Z] <<< [apiv2][status] GET https://firebase.googleapis.com/v1beta1/projects 200
[debug] [2023-03-18T20:06:59.276Z] <<< [apiv2][body] GET https://firebase.googleapis.com/v1beta1/projects [omitted]
[info] i  Using project fault-diameter-4c1a6 (Fault Diameter) 
[info] 
=== Hosting Setup
[info] 
[info] i  Detected a .git folder at C:\Users\Windows\Documents\Personal\Graph\graphParameter 
[info] i  Authorizing with GitHub to upload your service account to a GitHub repository's secrets store. 
[info] 
[info] Visit this URL on this device to log in:
[info] https://github.com/login/oauth/authorize?client_id=89cf50f02ac6aaed3484&state=534171013&redirect_uri=http%3A%2F%2Flocalhost%3A9005&scope=read%3Auser%20repo%20public_repo
[info] 
[info] Waiting for authentication...
[debug] [2023-03-18T20:11:03.092Z] >>> [apiv2][query] POST https://github.com/login/oauth/access_token [none]
[debug] [2023-03-18T20:11:03.092Z] >>> [apiv2][body] POST https://github.com/login/oauth/access_token [stream]
[debug] [2023-03-18T20:11:03.502Z] <<< [apiv2][status] POST https://github.com/login/oauth/access_token 200
[debug] [2023-03-18T20:11:03.502Z] <<< [apiv2][body] POST https://github.com/login/oauth/access_token {"access_token":"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","token_type":"bearer","scope":"read:user,repo"}
[debug] [2023-03-18T20:11:03.514Z] >>> [apiv2][query] GET https://api.github.com/user [none]
[debug] [2023-03-18T20:11:03.999Z] <<< [apiv2][status] GET https://api.github.com/user 200
[debug] [2023-03-18T20:11:03.999Z] <<< [apiv2][body] GET https://api.github.com/user {"login":"Nandhan0403","id":62956631,"node_id":"MDQ6VXNlcjYyOTU2NjMx","avatar_url":"https://avatars.githubusercontent.com/u/62956631?v=4","gravatar_id":"","url":"https://api.github.com/users/Nandhan0403","html_url":"https://github.com/Nandhan0403","followers_url":"https://api.github.com/users/Nandhan0403/followers","following_url":"https://api.github.com/users/Nandhan0403/following{/other_user}","gists_url":"https://api.github.com/users/Nandhan0403/gists{/gist_id}","starred_url":"https://api.github.com/users/Nandhan0403/starred{/owner}{/repo}","subscriptions_url":"https://api.github.com/users/Nandhan0403/subscriptions","organizations_url":"https://api.github.com/users/Nandhan0403/orgs","repos_url":"https://api.github.com/users/Nandhan0403/repos","events_url":"https://api.github.com/users/Nandhan0403/events{/privacy}","received_events_url":"https://api.github.com/users/Nandhan0403/received_events","type":"User","site_admin":false,"name":null,"company":null,"blog":"","location":null,"email":null,"hireable":null,"bio":null,"twitter_username":null,"public_repos":7,"public_gists":0,"followers":0,"following":0,"created_at":"2020-03-31T17:23:27Z","updated_at":"2023-03-18T20:10:49Z","private_gists":0,"total_private_repos":5,"owned_private_repos":5,"disk_usage":229,"collaborators":2,"two_factor_authentication":false,"plan":{"name":"free","space":976562499,"collaborators":0,"private_repos":10000}}
[info] 
[info] +  Success! Logged into GitHub as Nandhan0403 
[info] 
